#
# There is insufficient memory for the Java Runtime Environment to continue.
# Native memory allocation (malloc) failed to allocate 357376 bytes for Chunk::new
# Possible reasons:
#   The system is out of physical RAM or swap space
#   The process is running with CompressedOops enabled, and the Java Heap may be blocking the growth of the native heap
# Possible solutions:
#   Reduce memory load on the system
#   Increase physical memory or swap space
#   Check if swap backing store is full
#   Decrease Java heap size (-Xmx/-Xms)
#   Decrease number of Java threads
#   Decrease Java thread stack sizes (-Xss)
#   Set larger code cache with -XX:ReservedCodeCacheSize=
#   JVM is running with Zero Based Compressed Oops mode in which the Java heap is
#     placed in the first 32GB address space. The Java Heap base address is the
#     maximum limit for the native heap growth. Please use -XX:HeapBaseMinAddress
#     to set the Java Heap base and to place the Java Heap above 32GB virtual address.
# This output file may be truncated or incomplete.
#
#  Out of Memory Error (allocation.cpp:389), pid=32224, tid=0x00000000000047dc
#
# JRE version: Java(TM) SE Runtime Environment (8.0_281-b09) (build 1.8.0_281-b09)
# Java VM: Java HotSpot(TM) 64-Bit Server VM (25.281-b09 mixed mode windows-amd64 compressed oops)
# Failed to write core dump. Minidumps are not enabled by default on client versions of Windows
#

---------------  T H R E A D  ---------------

Current thread (0x000002a3349e5000):  JavaThread "C2 CompilerThread0" daemon [_thread_in_native, id=18396, stack(0x000000ebecf00000,0x000000ebed000000)]

Stack: [0x000000ebecf00000,0x000000ebed000000]
Native frames: (J=compiled Java code, j=interpreted, Vv=VM code, C=native code)
V  [jvm.dll+0x32e5b9]
V  [jvm.dll+0x275012]
V  [jvm.dll+0x275cbd]
V  [jvm.dll+0x26c6f5]
V  [jvm.dll+0xd51fc]
V  [jvm.dll+0xd59fc]
V  [jvm.dll+0x4523f2]
V  [jvm.dll+0x48d85d]
V  [jvm.dll+0x4423f1]
V  [jvm.dll+0x43f664]
V  [jvm.dll+0x42a5e7]
V  [jvm.dll+0xabe9b]
V  [jvm.dll+0xaa4fb]
V  [jvm.dll+0x23d6b2]
V  [jvm.dll+0x291cbc]
C  [ucrtbase.dll+0x21bb2]
C  [KERNEL32.DLL+0x17034]
C  [ntdll.dll+0x52651]


Current CompileTask:
C2:   2485 2137       4       org.codehaus.plexus.util.xml.Xpp3Dom::<init> (125 bytes)


---------------  P R O C E S S  ---------------

Java Threads: ( => current thread )
  0x000002a334a8c800 JavaThread "Service Thread" daemon [_thread_blocked, id=30156, stack(0x000000ebed300000,0x000000ebed400000)]
  0x000002a334a2e000 JavaThread "C1 CompilerThread3" daemon [_thread_blocked, id=16764, stack(0x000000ebed200000,0x000000ebed300000)]
  0x000002a3349ed800 JavaThread "C2 CompilerThread2" daemon [_thread_in_native, id=32548, stack(0x000000ebed100000,0x000000ebed200000)]
  0x000002a3349e8800 JavaThread "C2 CompilerThread1" daemon [_thread_in_native, id=20308, stack(0x000000ebed000000,0x000000ebed100000)]
=>0x000002a3349e5000 JavaThread "C2 CompilerThread0" daemon [_thread_in_native, id=18396, stack(0x000000ebecf00000,0x000000ebed000000)]
  0x000002a3349de800 JavaThread "Monitor Ctrl-Break" daemon [_thread_in_native, id=9492, stack(0x000000ebece00000,0x000000ebecf00000)]
  0x000002a332c2b800 JavaThread "Attach Listener" daemon [_thread_blocked, id=18092, stack(0x000000ebecd00000,0x000000ebece00000)]
  0x000002a332c7f000 JavaThread "Signal Dispatcher" daemon [_thread_blocked, id=15896, stack(0x000000ebecc00000,0x000000ebecd00000)]
  0x000002a332bf8000 JavaThread "Finalizer" daemon [_thread_blocked, id=20972, stack(0x000000ebecb00000,0x000000ebecc00000)]
  0x000002a332bf0000 JavaThread "Reference Handler" daemon [_thread_blocked, id=6132, stack(0x000000ebeca00000,0x000000ebecb00000)]
  0x000002a317f8a800 JavaThread "main" [_thread_in_vm, id=29692, stack(0x000000ebec000000,0x000000ebec100000)]

Other Threads:
  0x000002a332bc6000 VMThread [stack: 0x000000ebec900000,0x000000ebeca00000] [id=30916]
  0x000002a334a96800 WatcherThread [stack: 0x000000ebed400000,0x000000ebed500000] [id=28568]

VM state:not at safepoint (normal execution)

VM Mutex/Monitor currently owned by a thread: None

heap address: 0x00000006c2000000, size: 4064 MB, Compressed Oops mode: Zero based, Oop shift amount: 3
Narrow klass base: 0x0000000000000000, Narrow klass shift: 3
Compressed class space size: 1073741824 Address: 0x00000007c0000000

Heap:
 PSYoungGen      total 75776K, used 69216K [0x000000076b580000, 0x0000000770a00000, 0x00000007c0000000)
  eden space 65024K, 92% used [0x000000076b580000,0x000000076f024e10,0x000000076f500000)
  from space 10752K, 85% used [0x000000076f500000,0x000000076fdf35b0,0x000000076ff80000)
  to   space 10752K, 0% used [0x000000076ff80000,0x000000076ff80000,0x0000000770a00000)
 ParOldGen       total 173568K, used 16K [0x00000006c2000000, 0x00000006cc980000, 0x000000076b580000)
  object space 173568K, 0% used [0x00000006c2000000,0x00000006c2004000,0x00000006cc980000)
 Metaspace       used 16132K, capacity 16450K, committed 16640K, reserved 1064960K
  class space    used 1924K, capacity 2010K, committed 2048K, reserved 1048576K

Card table byte_map: [0x000002a328d10000,0x000002a329510000] byte_map_base: 0x000002a325700000

Marking Bits: (ParMarkBitMap*) 0x000000006a866ff0
 Begin Bits: [0x000002a329a60000, 0x000002a32d9e0000)
 End Bits:   [0x000002a32d9e0000, 0x000002a331960000)

Polling page: 0x000002a319920000

CodeCache: size=245760Kb used=7651Kb max_used=7651Kb free=238108Kb
 bounds [0x000002a319950000, 0x000002a31a0d0000, 0x000002a328950000]
 total_blobs=2576 nmethods=2201 adapters=287
 compilation: enabled

Compilation events (10 events):
Event: 2.459 Thread 0x000002a334a2e000 2186       3       sun.reflect.DelegatingMethodAccessorImpl::invoke (10 bytes)
Event: 2.459 Thread 0x000002a334a2e000 nmethod 2186 0x000002a31a0a8850 code [0x000002a31a0a89c0, 0x000002a31a0a8bf0]
Event: 2.459 Thread 0x000002a334a2e000 2187       3       java.util.Formatter$FormatSpecifier::print (66 bytes)
Event: 2.459 Thread 0x000002a334a2e000 nmethod 2187 0x000002a31a0b1350 code [0x000002a31a0b1520, 0x000002a31a0b1d40]
Event: 2.459 Thread 0x000002a334a2e000 2180       1       org.apache.maven.model.Activation::getJdk (5 bytes)
Event: 2.459 Thread 0x000002a334a2e000 nmethod 2180 0x000002a31a0a8590 code [0x000002a31a0a86e0, 0x000002a31a0a87f8]
Event: 2.459 Thread 0x000002a334a2e000 2181       1       org.apache.maven.model.Activation::getOs (5 bytes)
Event: 2.459 Thread 0x000002a334a2e000 nmethod 2181 0x000002a31a0b1090 code [0x000002a31a0b11e0, 0x000002a31a0b12f8]
Event: 2.460 Thread 0x000002a334a2e000 2188       3       org.apache.maven.model.Contributor::setRoles (6 bytes)
Event: 2.460 Thread 0x000002a334a2e000 nmethod 2188 0x000002a31a0b0d50 code [0x000002a31a0b0ea0, 0x000002a31a0b1018]

GC Heap History (2 events):
Event: 1.599 GC heap before
{Heap before GC invocations=1 (full 0):
 PSYoungGen      total 75776K, used 65024K [0x000000076b580000, 0x0000000770a00000, 0x00000007c0000000)
  eden space 65024K, 100% used [0x000000076b580000,0x000000076f500000,0x000000076f500000)
  from space 10752K, 0% used [0x000000076ff80000,0x000000076ff80000,0x0000000770a00000)
  to   space 10752K, 0% used [0x000000076f500000,0x000000076f500000,0x000000076ff80000)
 ParOldGen       total 173568K, used 0K [0x00000006c2000000, 0x00000006cc980000, 0x000000076b580000)
  object space 173568K, 0% used [0x00000006c2000000,0x00000006c2000000,0x00000006cc980000)
 Metaspace       used 11246K, capacity 11334K, committed 11520K, reserved 1058816K
  class space    used 1355K, capacity 1410K, committed 1536K, reserved 1048576K
Event: 1.606 GC heap after
Heap after GC invocations=1 (full 0):
 PSYoungGen      total 75776K, used 9165K [0x000000076b580000, 0x0000000770a00000, 0x00000007c0000000)
  eden space 65024K, 0% used [0x000000076b580000,0x000000076b580000,0x000000076f500000)
  from space 10752K, 85% used [0x000000076f500000,0x000000076fdf35b0,0x000000076ff80000)
  to   space 10752K, 0% used [0x000000076ff80000,0x000000076ff80000,0x0000000770a00000)
 ParOldGen       total 173568K, used 16K [0x00000006c2000000, 0x00000006cc980000, 0x000000076b580000)
  object space 173568K, 0% used [0x00000006c2000000,0x00000006c2004000,0x00000006cc980000)
 Metaspace       used 11246K, capacity 11334K, committed 11520K, reserved 1058816K
  class space    used 1355K, capacity 1410K, committed 1536K, reserved 1048576K
}

Deoptimization events (10 events):
Event: 2.354 Thread 0x000002a317f8a800 Uncommon trap: reason=class_check action=maybe_recompile pc=0x000002a319fe74b8 method=java.util.regex.Pattern$CharProperty$1.isSatisfiedBy(I)Z @ 5
Event: 2.354 Thread 0x000002a317f8a800 Uncommon trap: reason=class_check action=maybe_recompile pc=0x000002a319fe74b8 method=java.util.regex.Pattern$CharProperty$1.isSatisfiedBy(I)Z @ 5
Event: 2.358 Thread 0x000002a317f8a800 Uncommon trap: reason=speculate_class_check action=maybe_recompile pc=0x000002a319fc2c60 method=java.nio.charset.CharsetDecoder.decode(Ljava/nio/ByteBuffer;Ljava/nio/CharBuffer;Z)Ljava/nio/charset/CoderResult; @ 57
Event: 2.358 Thread 0x000002a317f8a800 Uncommon trap: reason=class_check action=maybe_recompile pc=0x000002a319c51710 method=java.nio.charset.CharsetDecoder.decode(Ljava/nio/ByteBuffer;Ljava/nio/CharBuffer;Z)Ljava/nio/charset/CoderResult; @ 57
Event: 2.359 Thread 0x000002a317f8a800 Uncommon trap: reason=speculate_class_check action=maybe_recompile pc=0x000002a319fc2c60 method=java.nio.charset.CharsetDecoder.decode(Ljava/nio/ByteBuffer;Ljava/nio/CharBuffer;Z)Ljava/nio/charset/CoderResult; @ 57
Event: 2.359 Thread 0x000002a317f8a800 Uncommon trap: reason=class_check action=maybe_recompile pc=0x000002a319c51710 method=java.nio.charset.CharsetDecoder.decode(Ljava/nio/ByteBuffer;Ljava/nio/CharBuffer;Z)Ljava/nio/charset/CoderResult; @ 57
Event: 2.359 Thread 0x000002a317f8a800 Uncommon trap: reason=speculate_class_check action=maybe_recompile pc=0x000002a319fc2c60 method=java.nio.charset.CharsetDecoder.decode(Ljava/nio/ByteBuffer;Ljava/nio/CharBuffer;Z)Ljava/nio/charset/CoderResult; @ 57
Event: 2.360 Thread 0x000002a317f8a800 Uncommon trap: reason=class_check action=maybe_recompile pc=0x000002a319c51710 method=java.nio.charset.CharsetDecoder.decode(Ljava/nio/ByteBuffer;Ljava/nio/CharBuffer;Z)Ljava/nio/charset/CoderResult; @ 57
Event: 2.360 Thread 0x000002a317f8a800 Uncommon trap: reason=speculate_class_check action=maybe_recompile pc=0x000002a319fc2c60 method=java.nio.charset.CharsetDecoder.decode(Ljava/nio/ByteBuffer;Ljava/nio/CharBuffer;Z)Ljava/nio/charset/CoderResult; @ 57
Event: 2.360 Thread 0x000002a317f8a800 Uncommon trap: reason=class_check action=maybe_recompile pc=0x000002a319c51710 method=java.nio.charset.CharsetDecoder.decode(Ljava/nio/ByteBuffer;Ljava/nio/CharBuffer;Z)Ljava/nio/charset/CoderResult; @ 57

Classes redefined (0 events):
No events

Internal exceptions (10 events):
Event: 1.232 Thread 0x000002a317f8a800 Exception <a 'java/lang/ArrayIndexOutOfBoundsException'> (0x000000076d0d6e18) thrown at [C:\jenkins\workspace\8-2-build-windows-amd64-cygwin\jdk8u281\880\hotspot\src\share\vm\runtime\sharedRuntime.cpp, line 609]
Event: 1.238 Thread 0x000002a317f8a800 Exception <a 'java/lang/ArrayIndexOutOfBoundsException'> (0x000000076d11cd90) thrown at [C:\jenkins\workspace\8-2-build-windows-amd64-cygwin\jdk8u281\880\hotspot\src\share\vm\runtime\sharedRuntime.cpp, line 609]
Event: 1.328 Thread 0x000002a317f8a800 Exception <a 'java/lang/ArrayIndexOutOfBoundsException'> (0x000000076db38ca0) thrown at [C:\jenkins\workspace\8-2-build-windows-amd64-cygwin\jdk8u281\880\hotspot\src\share\vm\runtime\sharedRuntime.cpp, line 609]
Event: 1.329 Thread 0x000002a317f8a800 Exception <a 'java/lang/ArrayIndexOutOfBoundsException'> (0x000000076db3d600) thrown at [C:\jenkins\workspace\8-2-build-windows-amd64-cygwin\jdk8u281\880\hotspot\src\share\vm\runtime\sharedRuntime.cpp, line 609]
Event: 1.380 Thread 0x000002a317f8a800 Exception <a 'java/lang/ArrayIndexOutOfBoundsException': 66> (0x000000076de979e8) thrown at [C:\jenkins\workspace\8-2-build-windows-amd64-cygwin\jdk8u281\880\hotspot\src\share\vm\interpreter\interpreterRuntime.cpp, line 371]
Event: 1.873 Thread 0x000002a317f8a800 Exception <a 'java/lang/NoClassDefFoundError': com/google/inject/servlet/ServletModuleTargetVisitor> (0x000000076cb5b5b8) thrown at [C:\jenkins\workspace\8-2-build-windows-amd64-cygwin\jdk8u281\880\hotspot\src\share\vm\classfile\systemDictionary.cpp, line
Event: 1.873 Thread 0x000002a317f8a800 Exception <a 'java/lang/NoClassDefFoundError'> (0x000000076cb5b5b8) thrown at [C:\jenkins\workspace\8-2-build-windows-amd64-cygwin\jdk8u281\880\hotspot\src\share\vm\prims\jvm.cpp, line 1516]
Event: 1.874 Thread 0x000002a317f8a800 Exception <a 'java/lang/NoClassDefFoundError': javax/annotation/Priority> (0x000000076cb601b0) thrown at [C:\jenkins\workspace\8-2-build-windows-amd64-cygwin\jdk8u281\880\hotspot\src\share\vm\classfile\systemDictionary.cpp, line 201]
Event: 1.946 Thread 0x000002a317f8a800 Implicit null exception at 0x000002a319b59c98 to 0x000002a319b59e91
Event: 2.270 Thread 0x000002a317f8a800 Implicit null exception at 0x000002a319fd8171 to 0x000002a319fd94dd

Events (10 events):
Event: 2.360 Thread 0x000002a317f8a800 DEOPT PACKING pc=0x000002a319c51710 sp=0x000000ebec0fcb20
Event: 2.360 Thread 0x000002a317f8a800 DEOPT UNPACKING pc=0x000002a319995843 sp=0x000000ebec0fcad0 mode 2
Event: 2.360 Thread 0x000002a317f8a800 Uncommon trap: trap_request=0xffffff76 fr.pc=0x000002a319fc2c60
Event: 2.360 Thread 0x000002a317f8a800 DEOPT PACKING pc=0x000002a319fc2c60 sp=0x000000ebec0fcad0
Event: 2.360 Thread 0x000002a317f8a800 DEOPT UNPACKING pc=0x000002a319995843 sp=0x000000ebec0fc8f8 mode 2
Event: 2.360 Thread 0x000002a317f8a800 Uncommon trap: trap_request=0xffffffde fr.pc=0x000002a319c51710
Event: 2.360 Thread 0x000002a317f8a800 DEOPT PACKING pc=0x000002a319c51710 sp=0x000000ebec0fc940
Event: 2.360 Thread 0x000002a317f8a800 DEOPT UNPACKING pc=0x000002a319995843 sp=0x000000ebec0fc8f0 mode 2
Event: 2.393 Thread 0x000002a317f8a800 DEOPT PACKING pc=0x000002a319f7f89a sp=0x000000ebec0fcc90
Event: 2.393 Thread 0x000002a317f8a800 DEOPT UNPACKING pc=0x000002a319997898 sp=0x000000ebec0fca28 mode 0


Dynamic libraries:
0x00007ff70b4d0000 - 0x00007ff70b517000 	C:\Program Files\Java\jdk1.8.0_281\bin\java.exe
0x00007ffdf9b70000 - 0x00007ffdf9d65000 	C:\WINDOWS\SYSTEM32\ntdll.dll
0x00007ffdf99e0000 - 0x00007ffdf9a9d000 	C:\WINDOWS\System32\KERNEL32.DLL
0x00007ffdf7910000 - 0x00007ffdf7bd9000 	C:\WINDOWS\System32\KERNELBASE.dll
0x00007ffdf8940000 - 0x00007ffdf89ec000 	C:\WINDOWS\System32\ADVAPI32.dll
0x00007ffdf8f00000 - 0x00007ffdf8f9e000 	C:\WINDOWS\System32\msvcrt.dll
0x00007ffdf8090000 - 0x00007ffdf812b000 	C:\WINDOWS\System32\sechost.dll
0x00007ffdf7be0000 - 0x00007ffdf7d0a000 	C:\WINDOWS\System32\RPCRT4.dll
0x00007ffdf87a0000 - 0x00007ffdf8940000 	C:\WINDOWS\System32\USER32.dll
0x00007ffdf7700000 - 0x00007ffdf7722000 	C:\WINDOWS\System32\win32u.dll
0x00007ffdf9130000 - 0x00007ffdf915a000 	C:\WINDOWS\System32\GDI32.dll
0x00007ffdf7540000 - 0x00007ffdf764b000 	C:\WINDOWS\System32\gdi32full.dll
0x00007ffdf72b0000 - 0x00007ffdf734d000 	C:\WINDOWS\System32\msvcp_win.dll
0x00007ffdf7730000 - 0x00007ffdf7830000 	C:\WINDOWS\System32\ucrtbase.dll
0x00007ffde3000000 - 0x00007ffde329a000 	C:\WINDOWS\WinSxS\amd64_microsoft.windows.common-controls_6595b64144ccf1df_6.0.19041.1110_none_60b5254171f9507e\COMCTL32.dll
0x00007ffdf7e00000 - 0x00007ffdf7e30000 	C:\WINDOWS\System32\IMM32.DLL
0x00007ffdb1bc0000 - 0x00007ffdb1bd5000 	C:\Program Files\Java\jdk1.8.0_281\jre\bin\vcruntime140.dll
0x00007ffd92cd0000 - 0x00007ffd92d6b000 	C:\Program Files\Java\jdk1.8.0_281\jre\bin\msvcp140.dll
0x000000006a080000 - 0x000000006a8df000 	C:\Program Files\Java\jdk1.8.0_281\jre\bin\server\jvm.dll
0x00007ffdf8de0000 - 0x00007ffdf8de8000 	C:\WINDOWS\System32\PSAPI.DLL
0x00007ffde2640000 - 0x00007ffde2667000 	C:\WINDOWS\SYSTEM32\WINMM.dll
0x00007ffdeef30000 - 0x00007ffdeef3a000 	C:\WINDOWS\SYSTEM32\VERSION.dll
0x00007ffddf340000 - 0x00007ffddf349000 	C:\WINDOWS\SYSTEM32\WSOCK32.dll
0x00007ffdf8fa0000 - 0x00007ffdf900b000 	C:\WINDOWS\System32\WS2_32.dll
0x00007ffdf5b70000 - 0x00007ffdf5b82000 	C:\WINDOWS\SYSTEM32\kernel.appcore.dll
0x00007ffdd17d0000 - 0x00007ffdd17e0000 	C:\Program Files\Java\jdk1.8.0_281\jre\bin\verify.dll
0x00007ffda0c60000 - 0x00007ffda0c8b000 	C:\Program Files\Java\jdk1.8.0_281\jre\bin\java.dll
0x00007ffd9f5e0000 - 0x00007ffd9f610000 	C:\Program Files\Java\jdk1.8.0_281\jre\bin\instrument.dll
0x00007ffdac990000 - 0x00007ffdac9a8000 	C:\Program Files\Java\jdk1.8.0_281\jre\bin\zip.dll
0x00007ffdf9240000 - 0x00007ffdf997f000 	C:\WINDOWS\System32\SHELL32.dll
0x00007ffdf52c0000 - 0x00007ffdf5a51000 	C:\WINDOWS\SYSTEM32\windows.storage.dll
0x00007ffdf8a80000 - 0x00007ffdf8dd5000 	C:\WINDOWS\System32\combase.dll
0x00007ffdf6c50000 - 0x00007ffdf6c7c000 	C:\WINDOWS\SYSTEM32\Wldp.dll
0x00007ffdf8e50000 - 0x00007ffdf8efe000 	C:\WINDOWS\System32\SHCORE.dll
0x00007ffdf9980000 - 0x00007ffdf99d5000 	C:\WINDOWS\System32\shlwapi.dll
0x00007ffdf71f0000 - 0x00007ffdf720f000 	C:\WINDOWS\SYSTEM32\profapi.dll
0x00007ffda02f0000 - 0x00007ffda030a000 	D:\IntelliJ IDEA 2021.1.3\bin\breakgen64.dll
0x00007ffd9fce0000 - 0x00007ffd9fcfc000 	C:\Program Files\Java\jdk1.8.0_281\jre\bin\net.dll
0x00007ffdf69b0000 - 0x00007ffdf6a1a000 	C:\WINDOWS\system32\mswsock.dll
0x00007ffdf6ba0000 - 0x00007ffdf6bb8000 	C:\WINDOWS\SYSTEM32\CRYPTSP.dll
0x00007ffdf6350000 - 0x00007ffdf6384000 	C:\WINDOWS\system32\rsaenh.dll
0x00007ffdf7350000 - 0x00007ffdf7377000 	C:\WINDOWS\System32\bcrypt.dll
0x00007ffdf71b0000 - 0x00007ffdf71de000 	C:\WINDOWS\SYSTEM32\USERENV.dll
0x00007ffdf7880000 - 0x00007ffdf7903000 	C:\WINDOWS\System32\bcryptprimitives.dll
0x00007ffdf6b90000 - 0x00007ffdf6b9c000 	C:\WINDOWS\SYSTEM32\CRYPTBASE.dll
0x00007ffdf66a0000 - 0x00007ffdf66db000 	C:\WINDOWS\SYSTEM32\IPHLPAPI.DLL
0x00007ffdf7df0000 - 0x00007ffdf7df8000 	C:\WINDOWS\System32\NSI.dll
0x00007ffdeeda0000 - 0x00007ffdeedb7000 	C:\WINDOWS\SYSTEM32\dhcpcsvc6.DLL
0x00007ffdeef40000 - 0x00007ffdeef5d000 	C:\WINDOWS\SYSTEM32\dhcpcsvc.DLL
0x00007ffdf66e0000 - 0x00007ffdf67ac000 	C:\WINDOWS\SYSTEM32\DNSAPI.dll
0x00007ffd9ccd0000 - 0x00007ffd9cce3000 	C:\Program Files\Java\jdk1.8.0_281\jre\bin\nio.dll
0x00007ffdc8910000 - 0x00007ffdc891a000 	C:\Users\22470\AppData\Local\Temp\jansi-1.17.1-4510553886997559737.dll
0x00007ffdc7cc0000 - 0x00007ffdc7cca000 	C:\Users\22470\AppData\Local\Temp\jansi-1.17.1-3810258429882735918.dll
0x00007ffdf50d0000 - 0x00007ffdf52b4000 	C:\WINDOWS\SYSTEM32\dbghelp.dll

VM Arguments:
jvm_args: -Dmaven.multiModuleProjectDirectory=C:\Users\22470\IdeaProjects\jupiter -Dmaven.home=D:\IntelliJ IDEA 2021.1.3\plugins\maven\lib\maven3 -Dclassworlds.conf=D:\IntelliJ IDEA 2021.1.3\plugins\maven\lib\maven3\bin\m2.conf -Dmaven.ext.class.path=D:\IntelliJ IDEA 2021.1.3\plugins\maven\lib\maven-event-listener.jar -javaagent:D:\IntelliJ IDEA 2021.1.3\lib\idea_rt.jar=24253:D:\IntelliJ IDEA 2021.1.3\bin -Dfile.encoding=UTF-8 
java_command: org.codehaus.classworlds.Launcher -Didea.version=2021.1.3 install
java_class_path (initial): D:\IntelliJ IDEA 2021.1.3\plugins\maven\lib\maven3\boot\plexus-classworlds-2.6.0.jar;D:\IntelliJ IDEA 2021.1.3\plugins\maven\lib\maven3\boot\plexus-classworlds.license;D:\IntelliJ IDEA 2021.1.3\lib\idea_rt.jar
Launcher Type: SUN_STANDARD

Environment Variables:
PATH=C:\Program Files\Common Files\Oracle\Java\javapath;C:\Program Files (x86)\Common Files\Oracle\Java\javapath;C:\Program Files\NVIDIA GPU Computing Toolkit\CUDA\v10.1\bin;C:\Program Files\NVIDIA GPU Computing Toolkit\CUDA\v10.1\libnvvp;C:\Program Files (x86)\Intel\Intel(R) Management Engine Components\iCLS\;C:\Program Files\Intel\Intel(R) Management Engine Components\iCLS\;C:\Windows\system32;C:\Windows;C:\Windows\System32\Wbem;C:\Windows\System32\WindowsPowerShell\v1.0\;C:\Program Files (x86)\Intel\Intel(R) Management Engine Components\DAL;C:\Program Files\Intel\Intel(R) Management Engine Components\DAL;C:\Program Files (x86)\Intel\Intel(R) Management Engine Components\IPT;C:\Program Files\Intel\Intel(R) Management Engine Components\IPT;C:\Program Files (x86)\NVIDIA Corporation\PhysX\Common;C:\WINDOWS\system32;C:\WINDOWS;C:\WINDOWS\System32\Wbem;C:\WINDOWS\System32\WindowsPowerShell\v1.0\;C:\WINDOWS\System32\OpenSSH\;C:\Program Files\Intel\WiFi\bin\;C:\Program Files\Common Files\Intel\WirelessCommon\;C:\Program Files (x86)\Microsoft SQL Server\100\Tools\Binn\;C:\Program Files\Microsoft SQL Server\100\Tools\Binn\;C:\Program Files\Microsoft SQL Server\100\DTS\Binn\;D:\opencv \build \x64 \vc15 \bin;D:\opencv-4.0.1-vc14_vc15\opencv\build\x64\vc15\bin;D:\MATLAB\R2019b\bin;D:\Anaconda3;D:\Anaconda3\Scripts;D:\Anaconda3\Library\bin;D:\GCC\bin\;C:\Program Files\NVIDIA Corporation\Nsight Compute 2019.1\;C:\Program Files\NVIDIA Corporation\NVIDIA NvDLISR;D:\CMake\bin;D:\libtorch-win-shared-with-deps-debug-1.6.0+cu101\libtorch\bin;D:\opencv-4.0.1-vc14_vc15\opencv\build\x64\vc15\lib;D:\opencv \build \x64 \vc15 \lib;C:\WINDOWS\system32;C:\WINDOWS;C:\WINDOWS\System32\Wbem;C:\WINDOWS\System32\WindowsPowerShell\v1.0\;C:\WINDOWS\System32\OpenSSH\;D:\neo4j\neo4j-community-4.2.6-windows\neo4j-community-4.2.6\bin;C:\Users\22470\AppData\Local\Microsoft\WindowsApps;D:\opencv-4.0.1-vc14_vc15\opencv\build\x64\vc15\bin;C:\Program Files\Bandizip\;
USERNAME=22470
OS=Windows_NT
PROCESSOR_IDENTIFIER=Intel64 Family 6 Model 158 Stepping 9, GenuineIntel



---------------  S Y S T E M  ---------------

OS: Windows 10.0 , 64 bit Build 19041 (10.0.19041.1023)

CPU:total 8 (initial active 8) (4 cores per cpu, 2 threads per core) family 6 model 158 stepping 9, cmov, cx8, fxsr, mmx, sse, sse2, sse3, ssse3, sse4.1, sse4.2, popcnt, avx, avx2, aes, clmul, erms, 3dnowpref, lzcnt, ht, tsc, tscinvbit, bmi1, bmi2, adx

Memory: 4k page, physical 16639136k(4848756k free), swap 18612252k(848k free)

vm_info: Java HotSpot(TM) 64-Bit Server VM (25.281-b09) for windows-amd64 JRE (1.8.0_281-b09), built on Dec  9 2020 13:54:07 by "" with MS VC++ 15.9 (VS2017)

time: Sun Aug  8 23:27:36 2021
timezone: 中国标准时间
elapsed time: 2.492160 seconds (0d 0h 0m 2s)

